<?xml version="1.0" encoding="UTF-8" ?>
<testsuite tests="7" failures="0" name="TestSuite" time="8.927" errors="0" skipped="0">
  <properties>
    <property name="PROCESSOR_ARCHITECTURE" value="AMD64"/>
    <property name="file.encoding.pkg" value="sun.io"/>
    <property name="LOGONSERVER" value="\\03RNB-ADS01"/>
    <property name="ProgramData" value="C:\ProgramData"/>
    <property name="java.home" value="C:\Program Files\Java\jre1.8.0_201"/>
    <property name="Platform" value="BNB"/>
    <property name="NODE_NAME" value="master"/>
    <property name="JENKINS_URL" value="http://localhost:8080/"/>
    <property name="ALLUSERSPROFILE" value="C:\ProgramData"/>
    <property name="java.endorsed.dirs" value="C:\Program Files\Java\jre1.8.0_201\lib\endorsed"/>
    <property name="PSModulePath" value="C:\Windows\system32\WindowsPowerShell\v1.0\Modules\;C:\Program Files (x86)\Microsoft Azure Information Protection\Powershell"/>
    <property name="PCBRAND" value="Pavilion"/>
    <property name="PTSMINSTALLPATH_X86" value="c:\Program Files (x86)\Hewlett-Packard\HP ProtectTools Security Manager\"/>
    <property name="=::" value="::\"/>
    <property name="USERDOMAIN" value="ZA"/>
    <property name="sun.os.patch.level" value="Service Pack 1"/>
    <property name="java.vendor.url" value="http://java.oracle.com/"/>
    <property name="CommonProgramFiles(x86)" value="C:\Program Files (x86)\Common Files"/>
    <property name="java.version" value="1.8.0_201"/>
    <property name="OOBEUILang" value="en-US"/>
    <property name="JOB_NAME" value="Free CRM Automation job"/>
    <property name="COMPUTERNAME" value="03RNBC-PC02167"/>
    <property name="windows_tracing_logfile" value="C:\BVTBin\Tests\installpackage\csilogfile.log"/>
    <property name="java.vendor.url.bug" value="http://bugreport.sun.com/bugreport/"/>
    <property name="PUBLIC" value="C:\Users\Public"/>
    <property name="user.name" value="Laxman.Lamani"/>
    <property name="sun.io.unicode.encoding" value="UnicodeLittle"/>
    <property name="sun.jnu.encoding" value="Cp1252"/>
    <property name="java.runtime.name" value="Java(TM) SE Runtime Environment"/>
    <property name="windir" value="C:\Windows"/>
    <property name="PROCESSOR_IDENTIFIER" value="Intel64 Family 6 Model 60 Stepping 3, GenuineIntel"/>
    <property name="java.specification.name" value="Java Platform API Specification"/>
    <property name="LOCALAPPDATA" value="C:\Users\laxman.lamani.ZA\AppData\Local"/>
    <property name="RUN_CHANGES_DISPLAY_URL" value="http://localhost:8080/job/Free%20CRM%20Automation%20job/13/display/redirect?page=changes"/>
    <property name="user.timezone" value="Africa/Harare"/>
    <property name="user.script" value=""/>
    <property name="path.separator" value=";"/>
    <property name="NUMBER_OF_PROCESSORS" value="4"/>
    <property name="BUILD_TAG" value="jenkins-Free CRM Automation job-13"/>
    <property name="windows_tracing_flags" value="3"/>
    <property name="file.encoding" value="Cp1252"/>
    <property name="sun.java.command" value="jenkins.maven3.agent.Maven35Main C:\Users\laxman.lamani.ZA\.jenkins\tools\hudson.tasks.Maven_MavenInstallation\TestMaven C:\Users\laxman.lamani.ZA\.jenkins\war\WEB-INF\lib\remoting-4.2.jar C:\Users\laxman.lamani.ZA\.jenkins\plugins\maven-plugin\WEB-INF\lib\maven35-interceptor-1.13.jar C:\Users\laxman.lamani.ZA\.jenkins\plugins\maven-plugin\WEB-INF\lib\maven3-interceptor-commons-1.13.jar 51096"/>
    <property name="HUDSON_URL" value="http://localhost:8080/"/>
    <property name="JENKINS_SERVER_COOKIE" value="b72ffe018c96e97d"/>
    <property name="FPPUILang" value="en-US"/>
    <property name="EXECUTOR_NUMBER" value="0"/>
    <property name="Path" value="C:\app\Laxman.Lamani\product\11.2.0\client_2;C:\app\Laxman.Lamani\product\11.2.0\client_2\bin;C:\app\Laxman.Lamani\product\11.2.0\client_1;C:\app\Laxman.Lamani\product\11.2.0\client_1\bin;C:\Program Files (x86)\Common Files\Oracle\Java\javapath;C:\ProgramData\Oracle\Java\javapath;c:\Program Files (x86)\Intel\iCLS Client\;c:\Program Files\Intel\iCLS Client\;C:\Program Files\Broadcom\Broadcom 802.11;;C:\Windows\system32;C:\Windows;C:\Windows\System32\Wbem;C:\Windows\System32\WindowsPowerShell\v1.0\;C:\Program Files (x86)\Intel\OpenCL SDK\3.0\bin\x86;C:\Program Files (x86)\Intel\OpenCL SDK\3.0\bin\x64;c:\Program Files\WIDCOMM\Bluetooth Software\;c:\Program Files\WIDCOMM\Bluetooth Software\syswow64;;C:\Program Files\Intel\Intel(R) Management Engine Components\DAL;C:\Program Files\Intel\Intel(R) Management Engine Components\IPT;C:\Program Files (x86)\Intel\Intel(R) Management Engine Components\DAL;C:\Program Files (x86)\Intel\Intel(R) Management Engine Components\IPT;c:\Program Files (x86)\Microsoft SQL Server\100\Tools\Binn\;c:\Program Files\Microsoft SQL Server\100\Tools\Binn\;c:\Program Files\Microsoft SQL Server\100\DTS\Binn\;D:\Edureka\Selenium\chromedriver_win32\chromedriver.exe;C:\Maven\apache-maven-3.6.3\bin;C:\Program Files\Java\jdk1.8.0_201\bin"/>
    <property name="java.io.tmpdir" value="C:\Users\LAXMAN~1.ZA\AppData\Local\Temp\"/>
    <property name="APPDATA" value="C:\Users\laxman.lamani.ZA\AppData\Roaming"/>
    <property name="DEFLOGDIR" value="C:\ProgramData\McAfee\Endpoint Security\Logs"/>
    <property name="user.language" value="en"/>
    <property name="line.separator" value="
"/>
    <property name="BUILD_URL" value="http://localhost:8080/job/Free%20CRM%20Automation%20job/13/"/>
    <property name="M2_HOME" value="C:\Users\laxman.lamani.ZA\.jenkins\tools\hudson.tasks.Maven_MavenInstallation\TestMaven"/>
    <property name="Webdriver.chrome.driver" value="E:\\Edureka\\Selenium\\chromedriver_win32\\chromedriver.exe"/>
    <property name="=C:" value="C:\jenkins"/>
    <property name="java.vm.info" value="mixed mode"/>
    <property name="sun.desktop" value="windows"/>
    <property name="java.vm.specification.name" value="Java Virtual Machine Specification"/>
    <property name="BUILD_DISPLAY_NAME" value="#13"/>
    <property name="OS" value="Windows_NT"/>
    <property name="guice.disable.misplaced.annotation.check" value="true"/>
    <property name="HUDSON_SERVER_COOKIE" value="b72ffe018c96e97d"/>
    <property name="WORKSPACE_TMP" value="C:\Users\laxman.lamani.ZA\.jenkins\workspace\Free CRM Automation job@tmp"/>
    <property name="MAVEN_HOME" value="C:\Users\laxman.lamani.ZA\.jenkins\tools\hudson.tasks.Maven_MavenInstallation\TestMaven"/>
    <property name="SESSIONNAME" value="Console"/>
    <property name="PATHEXT" value=".COM;.EXE;.BAT;.CMD;.VBS;.VBE;.JS;.JSE;.WSF;.WSH;.MSC"/>
    <property name="java.awt.printerjob" value="sun.awt.windows.WPrinterJob"/>
    <property name="maven3.interceptor.common" value="C:\Users\laxman.lamani.ZA\.jenkins\plugins\maven-plugin\WEB-INF\lib\maven3-interceptor-commons-1.13.jar"/>
    <property name="CLASSPATH" value=""/>
    <property name="HOMEPATH" value="\Users\laxman.lamani.ZA"/>
    <property name="os.name" value="Windows 7"/>
    <property name="java.specification.vendor" value="Oracle Corporation"/>
    <property name="FP_NO_HOST_CHECK" value="NO"/>
    <property name="java.vm.name" value="Java HotSpot(TM) 64-Bit Server VM"/>
    <property name="BUILD_NUMBER" value="13"/>
    <property name="maven3.interceptor" value="C:\Users\laxman.lamani.ZA\.jenkins\plugins\maven-plugin\WEB-INF\lib\maven35-interceptor-1.13.jar"/>
    <property name="java.library.path" value="C:\Program Files (x86)\Common Files\Oracle\Java\javapath;C:\Windows\Sun\Java\bin;C:\Windows\system32;C:\Windows;C:\Users\laxman.lamani.ZA\.jenkins\tools\hudson.tasks.Maven_MavenInstallation\TestMaven/bin;C:\app\Laxman.Lamani\product\11.2.0\client_2;C:\app\Laxman.Lamani\product\11.2.0\client_2\bin;C:\app\Laxman.Lamani\product\11.2.0\client_1;C:\app\Laxman.Lamani\product\11.2.0\client_1\bin;C:\Program Files (x86)\Common Files\Oracle\Java\javapath;C:\ProgramData\Oracle\Java\javapath;c:\Program Files (x86)\Intel\iCLS Client\;c:\Program Files\Intel\iCLS Client\;C:\Program Files\Broadcom\Broadcom 802.11;;C:\Windows\system32;C:\Windows;C:\Windows\System32\Wbem;C:\Windows\System32\WindowsPowerShell\v1.0\;C:\Program Files (x86)\Intel\OpenCL SDK\3.0\bin\x86;C:\Program Files (x86)\Intel\OpenCL SDK\3.0\bin\x64;c:\Program Files\WIDCOMM\Bluetooth Software\;c:\Program Files\WIDCOMM\Bluetooth Software\syswow64;;C:\Program Files\Intel\Intel(R) Management Engine Components\DAL;C:\Program Files\Intel\Intel(R) Management Engine Components\IPT;C:\Program Files (x86)\Intel\Intel(R) Management Engine Components\DAL;C:\Program Files (x86)\Intel\Intel(R) Management Engine Components\IPT;c:\Program Files (x86)\Microsoft SQL Server\100\Tools\Binn\;c:\Program Files\Microsoft SQL Server\100\Tools\Binn\;c:\Program Files\Microsoft SQL Server\100\DTS\Binn\;D:\Edureka\Selenium\chromedriver_win32\chromedriver.exe;C:\Maven\apache-maven-3.6.3\bin;C:\Program Files\Java\jdk1.8.0_201\bin;."/>
    <property name="HOMEDRIVE" value="C:"/>
    <property name="POM_GROUPID" value="FreeCRMTestAutomation"/>
    <property name="POM_ARTIFACTID" value="FreeCRMTest"/>
    <property name="java.class.version" value="52.0"/>
    <property name="JOB_URL" value="http://localhost:8080/job/Free%20CRM%20Automation%20job/"/>
    <property name="OneDrive" value="C:\Users\laxman.lamani.ZA\OneDrive"/>
    <property name="RUN_DISPLAY_URL" value="http://localhost:8080/job/Free%20CRM%20Automation%20job/13/display/redirect"/>
    <property name="JENKINS_HOME" value="C:\Users\laxman.lamani.ZA\.jenkins"/>
    <property name="BUILD_ID" value="13"/>
    <property name="TEMP" value="C:\Users\LAXMAN~1.ZA\AppData\Local\Temp"/>
    <property name="sun.boot.library.path" value="C:\Program Files\Java\jre1.8.0_201\bin"/>
    <property name="sun.management.compiler" value="HotSpot 64-Bit Tiered Compilers"/>
    <property name="java.awt.graphicsenv" value="sun.awt.Win32GraphicsEnvironment"/>
    <property name="user.variant" value=""/>
    <property name="PROCESSOR_REVISION" value="3c03"/>
    <property name="POM_VERSION" value="0.0.1-SNAPSHOT"/>
    <property name="HUDSON_HOME" value="C:\Users\laxman.lamani.ZA\.jenkins"/>
    <property name="ProgramFiles(x86)" value="C:\Program Files (x86)"/>
    <property name="PATH+MAVEN" value="C:\Users\laxman.lamani.ZA\.jenkins\tools\hudson.tasks.Maven_MavenInstallation\TestMaven/bin"/>
    <property name="PROMPT" value="$P$G"/>
    <property name="java.vm.specification.version" value="1.8"/>
    <property name="JAVA_HOME" value="C:\Program Files\Java\jdk1.8.0_201"/>
    <property name="awt.toolkit" value="sun.awt.windows.WToolkit"/>
    <property name="NODE_LABELS" value="master"/>
    <property name="sun.cpu.isalist" value="amd64"/>
    <property name="USERPROFILE" value="C:\Users\laxman.lamani.ZA"/>
    <property name="JOB_DISPLAY_URL" value="http://localhost:8080/job/Free%20CRM%20Automation%20job/display/redirect"/>
    <property name="java.ext.dirs" value="C:\Program Files\Java\jre1.8.0_201\lib\ext;C:\Windows\Sun\Java\lib\ext"/>
    <property name="os.version" value="6.1"/>
    <property name="user.home" value="C:\Users\laxman.lamani.ZA"/>
    <property name="USERNAME" value="Laxman.Lamani"/>
    <property name="java.vm.vendor" value="Oracle Corporation"/>
    <property name="PROCESSOR_LEVEL" value="6"/>
    <property name="USERDNSDOMAIN" value="ZA.DS.NASPERS.COM"/>
    <property name="CommonProgramW6432" value="C:\Program Files\Common Files"/>
    <property name="user.dir" value="C:\Selenium Practice\FreeCRMTest"/>
    <property name="maven.conf" value="C:\Users\laxman.lamani.ZA\.jenkins\tools\hudson.tasks.Maven_MavenInstallation\TestMaven\conf"/>
    <property name="ProgramW6432" value="C:\Program Files"/>
    <property name="TMP" value="C:\Users\LAXMAN~1.ZA\AppData\Local\Temp"/>
    <property name="UATDATA" value="C:\Windows\CCM\UATData\D9F8C395-CAB8-491d-B8AC-179A1FE1BE77"/>
    <property name="sun.cpu.endian" value="little"/>
    <property name="SystemDrive" value="C:"/>
    <property name="java.vm.version" value="25.201-b09"/>
    <property name="java.class.path" value="C:\Users\laxman.lamani.ZA\.jenkins\plugins\maven-plugin\WEB-INF\lib\maven35-agent-1.13.jar;C:\Users\laxman.lamani.ZA\.jenkins\tools\hudson.tasks.Maven_MavenInstallation\TestMaven\boot\plexus-classworlds-2.6.0.jar;C:\Users\laxman.lamani.ZA\.jenkins\tools\hudson.tasks.Maven_MavenInstallation\TestMaven/conf/logging"/>
    <property name="org.slf4j.simpleLogger.defaultLogLevel" value="info"/>
    <property name="os.arch" value="amd64"/>
    <property name="WORKSPACE" value="C:\Users\laxman.lamani.ZA\.jenkins\workspace\Free CRM Automation job"/>
    <property name="ComSpec" value="C:\Windows\system32\cmd.exe"/>
    <property name="sun.java.launcher" value="SUN_STANDARD"/>
    <property name="SystemRoot" value="C:\Windows"/>
    <property name="CommonProgramFiles" value="C:\Program Files\Common Files"/>
    <property name="java.vm.specification.vendor" value="Oracle Corporation"/>
    <property name="file.separator" value="\"/>
    <property name="java.runtime.version" value="1.8.0_201-b09"/>
    <property name="ProgramFiles" value="C:\Program Files"/>
    <property name="sun.boot.class.path" value="C:\Program Files\Java\jre1.8.0_201\lib\resources.jar;C:\Program Files\Java\jre1.8.0_201\lib\rt.jar;C:\Program Files\Java\jre1.8.0_201\lib\sunrsasign.jar;C:\Program Files\Java\jre1.8.0_201\lib\jsse.jar;C:\Program Files\Java\jre1.8.0_201\lib\jce.jar;C:\Program Files\Java\jre1.8.0_201\lib\charsets.jar;C:\Program Files\Java\jre1.8.0_201\lib\jfr.jar;C:\Program Files\Java\jre1.8.0_201\classes"/>
    <property name="OnlineServices" value="Online Services"/>
    <property name="=ExitCode" value="00000001"/>
    <property name="user.country" value="IN"/>
    <property name="POM_PACKAGING" value="jar"/>
    <property name="maven.home" value="C:\Users\laxman.lamani.ZA\.jenkins\tools\hudson.tasks.Maven_MavenInstallation\TestMaven"/>
    <property name="JOB_BASE_NAME" value="Free CRM Automation job"/>
    <property name="java.vendor" value="Oracle Corporation"/>
    <property name="VS100COMNTOOLS" value="c:\Program Files (x86)\Microsoft Visual Studio 10.0\Common7\Tools\"/>
    <property name="POM_DISPLAYNAME" value="FreeCRMTest"/>
    <property name="java.specification.version" value="1.8"/>
    <property name="sun.arch.data.model" value="64"/>
  </properties>
  <testcase classname="com.crm.qa.testcases.HomePageTest" name="verifyCompaniesLinkTest" time="0.19"/>
  <testcase classname="com.crm.qa.testcases.ContactsPageTest" name="verifyContactPageTitleTest" time="0.15"/>
  <testcase classname="com.crm.qa.testcases.HomePageTest" name="verifyHomePageTitleTest" time="0.016"/>
  <testcase classname="com.crm.qa.testcases.LoginPageTest" name="loginPageTitleTest" time="0.013"/>
  <testcase classname="com.crm.qa.testcases.ContactsPageTest" name="validateNewConataPageLinkTest" time="2.691"/>
  <testcase classname="com.crm.qa.testcases.ContactsPageTest" name="validateNewConataPageLinkTest" time="2.623"/>
  <testcase classname="com.crm.qa.testcases.ContactsPageTest" name="validateNewConataPageLinkTest" time="3.244"/>
</testsuite>