<?xml version="1.0" encoding="UTF-8"?>
<!-- Generated by org.testng.reporters.JUnitReportReporter -->
<testsuite hostname="03RNBC-PC02167" name="com.crm.qa.testcases.HomePageTest" tests="5" failures="0" timestamp="11 Apr 2020 20:46:06 GMT" time="204.741" errors="0">
  <testcase name="verifyUserLabelTest" time="40.762" classname="com.crm.qa.testcases.HomePageTest"/>
  <testcase name="verifyContactsLinkTest" time="41.538" classname="com.crm.qa.testcases.HomePageTest"/>
  <testcase name="verifyCompaniesLinkTest" time="40.885" classname="com.crm.qa.testcases.HomePageTest"/>
  <testcase name="verifyHomePageTitleTest" time="41.362" classname="com.crm.qa.testcases.HomePageTest"/>
  <testcase name="verifyDealsLinkTest" time="40.194" classname="com.crm.qa.testcases.HomePageTest"/>
</testsuite> <!-- com.crm.qa.testcases.HomePageTest -->
