<?xml version="1.0" encoding="UTF-8"?>
<!-- Generated by org.testng.reporters.JUnitReportReporter -->
<testsuite hostname="03RNBC-PC02167" name="com.crm.qa.testcases.ContactsPageTest" tests="4" failures="0" timestamp="11 Apr 2020 20:38:47 GMT" time="187.224" errors="0">
  <testcase name="validateNewConataPageLinkTest" time="47.873" classname="com.crm.qa.testcases.ContactsPageTest"/>
  <testcase name="verifyContactPageTitleTest" time="45.897" classname="com.crm.qa.testcases.ContactsPageTest"/>
  <testcase name="validateNewConataPageLinkTest" time="45.095" classname="com.crm.qa.testcases.ContactsPageTest"/>
  <testcase name="validateNewConataPageLinkTest" time="48.359" classname="com.crm.qa.testcases.ContactsPageTest"/>
</testsuite> <!-- com.crm.qa.testcases.ContactsPageTest -->
