<?xml version="1.0" encoding="UTF-8"?>
<!-- Generated by org.testng.reporters.JUnitReportReporter -->
<testsuite skipped="0" hostname="03RNBC-PC02167" name="com.crm.qa.testcases.HomePageTest" tests="2" failures="0" timestamp="11 Apr 2020 20:26:25 GMT" time="88.815" errors="0">
  <testcase name="verifyCompaniesLinkTest" time="45.152" classname="com.crm.qa.testcases.HomePageTest"/>
  <testcase name="verifyHomePageTitleTest" time="43.663" classname="com.crm.qa.testcases.HomePageTest"/>
</testsuite> <!-- com.crm.qa.testcases.HomePageTest -->
