<?xml version="1.0" encoding="UTF-8"?>
<!-- Generated by org.testng.reporters.JUnitReportReporter -->
<testsuite skipped="0" hostname="03RNBC-PC02167" name="com.crm.qa.testcases.LoginPageTest" tests="1" failures="0" timestamp="11 Apr 2020 20:26:25 GMT" time="32.978" errors="0">
  <testcase name="loginPageTitleTest" time="32.978" classname="com.crm.qa.testcases.LoginPageTest"/>
</testsuite> <!-- com.crm.qa.testcases.LoginPageTest -->
