<?xml version="1.0" encoding="UTF-8"?>
<!-- Generated by org.testng.reporters.JUnitReportReporter -->
<testsuite skipped="0" hostname="03RNBC-PC02167" name="com.crm.qa.testcases.ContactsPageTest" tests="4" failures="0" timestamp="11 Apr 2020 20:26:25 GMT" time="198.580" errors="0">
  <testcase name="verifyContactPageTitleTest" time="51.266" classname="com.crm.qa.testcases.ContactsPageTest"/>
  <testcase name="validateNewConataPageLinkTest" time="49.597" classname="com.crm.qa.testcases.ContactsPageTest"/>
  <testcase name="validateNewConataPageLinkTest" time="46.957" classname="com.crm.qa.testcases.ContactsPageTest"/>
  <testcase name="validateNewConataPageLinkTest" time="50.760" classname="com.crm.qa.testcases.ContactsPageTest"/>
</testsuite> <!-- com.crm.qa.testcases.ContactsPageTest -->
